<?xml version="1.0" encoding="UTF-8"?>
<!-- Generated by org.testng.reporters.JUnitXMLReporter -->
<testsuite ignored="0" hostname="DESKTOP-HGBQ36F" failures="0" tests="6" name="HomeLoanTests" time="0.149" errors="0" timestamp="2022-09-27T12:51:00 IST">
  <testcase classname="loanapplications.HomeLoanApplicationTests" name="HomeLoanLoginAPI" time="0.009"/>
  <testcase classname="loanapplications.HomeLoanApplicationTests" name="HomeLoanLoginMobile" time="0.006"/>
  <testcase classname="loanapplications.HomeLoanApplicationTests" name="HomeLoanLoginWeb" time="0.008"/>
  <testcase classname="loanapplications.CarLoanApplicationTests" name="CarLoanLoginAPI" time="0.002"/>
  <testcase classname="loanapplications.CarLoanApplicationTests" name="CarLoanLoginMobile" time="0.008"/>
  <testcase classname="loanapplications.CarLoanApplicationTests" name="CarLoanLoginWeb" time="0.002"/>
</testsuite> <!-- HomeLoanTests -->
